<?xml version="1.0" encoding="UTF-8"?>
<coverage generated="1673027581167" clover="3.2.0">
  <project timestamp="1673027581167" name="All files">
    <metrics statements="97" coveredstatements="90" conditionals="34" coveredconditionals="20" methods="31" coveredmethods="31" elements="162" coveredelements="141" complexity="0" loc="97" ncloc="97" packages="2" files="2" classes="2"/>
    <package name="Demo">
      <metrics statements="90" coveredstatements="84" conditionals="32" coveredconditionals="19" methods="27" coveredmethods="27"/>
      <file name="Park.tsx" path="/Users/machd/Desktop/Practice/Demo/Park.tsx">
        <metrics statements="90" coveredstatements="84" conditionals="32" coveredconditionals="19" methods="27" coveredmethods="27"/>
        <line num="28" count="48" type="stmt"/>
        <line num="29" count="48" type="stmt"/>
        <line num="30" count="48" type="stmt"/>
        <line num="31" count="48" type="stmt"/>
        <line num="32" count="48" type="stmt"/>
        <line num="33" count="48" type="stmt"/>
        <line num="34" count="48" type="stmt"/>
        <line num="35" count="48" type="stmt"/>
        <line num="36" count="48" type="stmt"/>
        <line num="37" count="48" type="stmt"/>
        <line num="38" count="48" type="stmt"/>
        <line num="40" count="48" type="stmt"/>
        <line num="41" count="19" type="stmt"/>
        <line num="44" count="48" type="stmt"/>
        <line num="45" count="1" type="cond" truecount="1" falsecount="1"/>
        <line num="46" count="0" type="stmt"/>
        <line num="51" count="0" type="stmt"/>
        <line num="53" count="1" type="stmt"/>
        <line num="56" count="48" type="stmt"/>
        <line num="60" count="1" type="stmt"/>
        <line num="64" count="19" type="stmt"/>
        <line num="65" count="19" type="stmt"/>
        <line num="66" count="76" type="stmt"/>
        <line num="68" count="19" type="stmt"/>
        <line num="69" count="19" type="stmt"/>
        <line num="70" count="19" type="stmt"/>
        <line num="74" count="2" type="stmt"/>
        <line num="76" count="2" type="stmt"/>
        <line num="77" count="8" type="cond" truecount="1" falsecount="1"/>
        <line num="78" count="8" type="stmt"/>
        <line num="79" count="8" type="cond" truecount="1" falsecount="1"/>
        <line num="80" count="8" type="stmt"/>
        <line num="82" count="0" type="stmt"/>
        <line num="84" count="8" type="stmt"/>
        <line num="87" count="2" type="stmt"/>
        <line num="94" count="1" type="stmt"/>
        <line num="96" count="1" type="stmt"/>
        <line num="98" count="1" type="cond" truecount="1" falsecount="1"/>
        <line num="99" count="0" type="stmt"/>
        <line num="101" count="1" type="stmt"/>
        <line num="102" count="1" type="cond" truecount="1" falsecount="1"/>
        <line num="103" count="1" type="stmt"/>
        <line num="110" count="1" type="stmt"/>
        <line num="111" count="1" type="stmt"/>
        <line num="112" count="1" type="stmt"/>
        <line num="116" count="1" type="stmt"/>
        <line num="117" count="1" type="stmt"/>
        <line num="119" count="4" type="cond" truecount="1" falsecount="1"/>
        <line num="120" count="1" type="stmt"/>
        <line num="122" count="1" type="stmt"/>
        <line num="123" count="4" type="cond" truecount="1" falsecount="1"/>
        <line num="124" count="4" type="stmt"/>
        <line num="127" count="1" type="stmt"/>
        <line num="128" count="1" type="stmt"/>
        <line num="129" count="1" type="stmt"/>
        <line num="133" count="4" type="stmt"/>
        <line num="134" count="1" type="stmt"/>
        <line num="135" count="1" type="stmt"/>
        <line num="139" count="1" type="stmt"/>
        <line num="142" count="48" type="stmt"/>
        <line num="143" count="1" type="stmt"/>
        <line num="144" count="1" type="stmt"/>
        <line num="145" count="1" type="stmt"/>
        <line num="146" count="1" type="stmt"/>
        <line num="154" count="0" type="stmt"/>
        <line num="155" count="0" type="stmt"/>
        <line num="157" count="1" type="stmt"/>
        <line num="158" count="1" type="stmt"/>
        <line num="165" count="2" type="stmt"/>
        <line num="166" count="2" type="stmt"/>
        <line num="167" count="8" type="cond" truecount="1" falsecount="1"/>
        <line num="168" count="8" type="stmt"/>
        <line num="172" count="2" type="stmt"/>
        <line num="173" count="2" type="stmt"/>
        <line num="174" count="2" type="stmt"/>
        <line num="175" count="8" type="cond" truecount="1" falsecount="1"/>
        <line num="176" count="8" type="stmt"/>
        <line num="181" count="48" type="stmt"/>
        <line num="195" count="3" type="stmt"/>
        <line num="205" count="116" type="stmt"/>
        <line num="210" count="2" type="stmt"/>
        <line num="211" count="2" type="stmt"/>
        <line num="213" count="2" type="stmt"/>
        <line num="236" count="1" type="stmt"/>
        <line num="275" count="1" type="stmt"/>
        <line num="286" count="1" type="stmt"/>
        <line num="287" count="1" type="stmt"/>
        <line num="311" count="1" type="stmt"/>
        <line num="320" count="1" type="stmt"/>
        <line num="334" count="1" type="stmt"/>
      </file>
    </package>
    <package name="Demo.Class.Screens">
      <metrics statements="7" coveredstatements="6" conditionals="2" coveredconditionals="1" methods="4" coveredmethods="4"/>
      <file name="Main.tsx" path="/Users/machd/Desktop/Practice/Demo/Class/Screens/Main.tsx">
        <metrics statements="7" coveredstatements="6" conditionals="2" coveredconditionals="1" methods="4" coveredmethods="4"/>
        <line num="19" count="5" type="stmt"/>
        <line num="20" count="5" type="stmt"/>
        <line num="26" count="6" type="stmt"/>
        <line num="32" count="1" type="stmt"/>
        <line num="45" count="1" type="cond" truecount="1" falsecount="1"/>
        <line num="46" count="0" type="stmt"/>
        <line num="61" count="1" type="stmt"/>
      </file>
    </package>
  </project>
</coverage>
