{"/Users/machd/Desktop/Practice/Demo/Park.tsx": {"path":"/Users/machd/Desktop/Practice/Demo/Park.tsx","statementMap":{"0":{"start":{"line":28,"column":34},"end":{"line":28,"column":49}},"1":{"start":{"line":29,"column":20},"end":{"line":29,"column":56}},"2":{"start":{"line":30,"column":26},"end":{"line":30,"column":38}},"3":{"start":{"line":31,"column":42},"end":{"line":31,"column":57}},"4":{"start":{"line":32,"column":30},"end":{"line":32,"column":40}},"5":{"start":{"line":33,"column":38},"end":{"line":33,"column":50}},"6":{"start":{"line":34,"column":32},"end":{"line":34,"column":47}},"7":{"start":{"line":35,"column":30},"end":{"line":35,"column":45}},"8":{"start":{"line":36,"column":40},"end":{"line":36,"column":52}},"9":{"start":{"line":37,"column":47},"end":{"line":37,"column":62}},"10":{"start":{"line":38,"column":32},"end":{"line":38,"column":44}},"11":{"start":{"line":40,"column":2},"end":{"line":42,"column":9}},"12":{"start":{"line":41,"column":4},"end":{"line":41,"column":27}},"13":{"start":{"line":44,"column":29},"end":{"line":54,"column":3}},"14":{"start":{"line":45,"column":4},"end":{"line":52,"column":5}},"15":{"start":{"line":46,"column":6},"end":{"line":50,"column":8}},"16":{"start":{"line":51,"column":6},"end":{"line":51,"column":13}},"17":{"start":{"line":53,"column":4},"end":{"line":53,"column":16}},"18":{"start":{"line":56,"column":30},"end":{"line":61,"column":3}},"19":{"start":{"line":60,"column":4},"end":{"line":60,"column":20}},"20":{"start":{"line":64,"column":17},"end":{"line":64,"column":19}},"21":{"start":{"line":65,"column":4},"end":{"line":67,"column":5}},"22":{"start":{"line":65,"column":17},"end":{"line":65,"column":18}},"23":{"start":{"line":66,"column":6},"end":{"line":66,"column":20}},"24":{"start":{"line":68,"column":4},"end":{"line":68,"column":15}},"25":{"start":{"line":69,"column":4},"end":{"line":69,"column":19}},"26":{"start":{"line":70,"column":4},"end":{"line":70,"column":13}},"27":{"start":{"line":74,"column":15},"end":{"line":74,"column":16}},"28":{"start":{"line":76,"column":4},"end":{"line":86,"column":7}},"29":{"start":{"line":77,"column":6},"end":{"line":85,"column":7}},"30":{"start":{"line":78,"column":24},"end":{"line":78,"column":54}},"31":{"start":{"line":79,"column":8},"end":{"line":83,"column":9}},"32":{"start":{"line":80,"column":10},"end":{"line":80,"column":20}},"33":{"start":{"line":82,"column":10},"end":{"line":82,"column":32}},"34":{"start":{"line":84,"column":8},"end":{"line":84,"column":49}},"35":{"start":{"line":87,"column":4},"end":{"line":87,"column":23}},"36":{"start":{"line":94,"column":4},"end":{"line":94,"column":30}},"37":{"start":{"line":96,"column":16},"end":{"line":96,"column":24}},"38":{"start":{"line":98,"column":4},"end":{"line":100,"column":5}},"39":{"start":{"line":98,"column":34},"end":{"line":98,"column":48}},"40":{"start":{"line":99,"column":6},"end":{"line":99,"column":25}},"41":{"start":{"line":101,"column":21},"end":{"line":101,"column":74}},"42":{"start":{"line":102,"column":4},"end":{"line":109,"column":5}},"43":{"start":{"line":103,"column":6},"end":{"line":108,"column":8}},"44":{"start":{"line":110,"column":4},"end":{"line":110,"column":23}},"45":{"start":{"line":111,"column":4},"end":{"line":111,"column":20}},"46":{"start":{"line":112,"column":4},"end":{"line":112,"column":35}},"47":{"start":{"line":116,"column":4},"end":{"line":116,"column":41}},"48":{"start":{"line":117,"column":14},"end":{"line":117,"column":22}},"49":{"start":{"line":119,"column":4},"end":{"line":121,"column":5}},"50":{"start":{"line":119,"column":34},"end":{"line":119,"column":48}},"51":{"start":{"line":120,"column":6},"end":{"line":120,"column":25}},"52":{"start":{"line":122,"column":4},"end":{"line":126,"column":7}},"53":{"start":{"line":123,"column":6},"end":{"line":125,"column":7}},"54":{"start":{"line":124,"column":8},"end":{"line":124,"column":57}},"55":{"start":{"line":127,"column":4},"end":{"line":127,"column":22}},"56":{"start":{"line":128,"column":4},"end":{"line":128,"column":32}},"57":{"start":{"line":129,"column":4},"end":{"line":129,"column":27}},"58":{"start":{"line":133,"column":27},"end":{"line":133,"column":70}},"59":{"start":{"line":133,"column":51},"end":{"line":133,"column":62}},"60":{"start":{"line":134,"column":4},"end":{"line":134,"column":62}},"61":{"start":{"line":135,"column":4},"end":{"line":135,"column":26}},"62":{"start":{"line":139,"column":4},"end":{"line":139,"column":32}},"63":{"start":{"line":142,"column":24},"end":{"line":160,"column":3}},"64":{"start":{"line":143,"column":4},"end":{"line":143,"column":28}},"65":{"start":{"line":144,"column":4},"end":{"line":144,"column":20}},"66":{"start":{"line":145,"column":4},"end":{"line":159,"column":5}},"67":{"start":{"line":146,"column":23},"end":{"line":152,"column":8}},"68":{"start":{"line":154,"column":6},"end":{"line":154,"column":23}},"69":{"start":{"line":155,"column":6},"end":{"line":155,"column":23}},"70":{"start":{"line":157,"column":6},"end":{"line":157,"column":24}},"71":{"start":{"line":158,"column":6},"end":{"line":158,"column":25}},"72":{"start":{"line":165,"column":14},"end":{"line":165,"column":22}},"73":{"start":{"line":166,"column":4},"end":{"line":170,"column":7}},"74":{"start":{"line":167,"column":6},"end":{"line":169,"column":7}},"75":{"start":{"line":168,"column":8},"end":{"line":168,"column":47}},"76":{"start":{"line":172,"column":4},"end":{"line":172,"column":22}},"77":{"start":{"line":173,"column":4},"end":{"line":173,"column":31}},"78":{"start":{"line":174,"column":2},"end":{"line":178,"column":7}},"79":{"start":{"line":175,"column":6},"end":{"line":177,"column":7}},"80":{"start":{"line":176,"column":8},"end":{"line":176,"column":25}},"81":{"start":{"line":181,"column":2},"end":{"line":331,"column":4}},"82":{"start":{"line":195,"column":10},"end":{"line":195,"column":35}},"83":{"start":{"line":205,"column":10},"end":{"line":226,"column":12}},"84":{"start":{"line":210,"column":18},"end":{"line":210,"column":40}},"85":{"start":{"line":211,"column":18},"end":{"line":211,"column":45}},"86":{"start":{"line":213,"column":16},"end":{"line":213,"column":36}},"87":{"start":{"line":236,"column":20},"end":{"line":236,"column":43}},"88":{"start":{"line":275,"column":20},"end":{"line":275,"column":36}},"89":{"start":{"line":286,"column":18},"end":{"line":286,"column":39}},"90":{"start":{"line":287,"column":18},"end":{"line":287,"column":36}},"91":{"start":{"line":311,"column":18},"end":{"line":311,"column":36}},"92":{"start":{"line":320,"column":18},"end":{"line":320,"column":60}},"93":{"start":{"line":334,"column":15},"end":{"line":490,"column":2}}},"fnMap":{"0":{"name":"Park","decl":{"start":{"line":27,"column":24},"end":{"line":27,"column":28}},"loc":{"start":{"line":27,"column":43},"end":{"line":332,"column":1}},"line":27},"1":{"name":"(anonymous_1)","decl":{"start":{"line":40,"column":12},"end":{"line":40,"column":13}},"loc":{"start":{"line":40,"column":18},"end":{"line":42,"column":3}},"line":40},"2":{"name":"(anonymous_2)","decl":{"start":{"line":44,"column":29},"end":{"line":44,"column":30}},"loc":{"start":{"line":44,"column":45},"end":{"line":54,"column":3}},"line":44},"3":{"name":"(anonymous_3)","decl":{"start":{"line":56,"column":30},"end":{"line":56,"column":31}},"loc":{"start":{"line":56,"column":36},"end":{"line":61,"column":3}},"line":56},"4":{"name":"createSlots","decl":{"start":{"line":63,"column":11},"end":{"line":63,"column":22}},"loc":{"start":{"line":63,"column":35},"end":{"line":71,"column":3}},"line":63},"5":{"name":"calculateCharges","decl":{"start":{"line":73,"column":11},"end":{"line":73,"column":27}},"loc":{"start":{"line":73,"column":45},"end":{"line":88,"column":3}},"line":73},"6":{"name":"(anonymous_6)","decl":{"start":{"line":76,"column":12},"end":{"line":76,"column":13}},"loc":{"start":{"line":76,"column":32},"end":{"line":86,"column":5}},"line":76},"7":{"name":"park","decl":{"start":{"line":92,"column":11},"end":{"line":92,"column":15}},"loc":{"start":{"line":92,"column":28},"end":{"line":113,"column":3}},"line":92},"8":{"name":"(anonymous_8)","decl":{"start":{"line":98,"column":19},"end":{"line":98,"column":20}},"loc":{"start":{"line":98,"column":34},"end":{"line":98,"column":48}},"line":98},"9":{"name":"remove","decl":{"start":{"line":115,"column":11},"end":{"line":115,"column":17}},"loc":{"start":{"line":115,"column":40},"end":{"line":130,"column":3}},"line":115},"10":{"name":"(anonymous_10)","decl":{"start":{"line":119,"column":19},"end":{"line":119,"column":20}},"loc":{"start":{"line":119,"column":34},"end":{"line":119,"column":48}},"line":119},"11":{"name":"(anonymous_11)","decl":{"start":{"line":122,"column":12},"end":{"line":122,"column":13}},"loc":{"start":{"line":122,"column":32},"end":{"line":126,"column":5}},"line":122},"12":{"name":"getAvailable","decl":{"start":{"line":132,"column":11},"end":{"line":132,"column":23}},"loc":{"start":{"line":132,"column":26},"end":{"line":136,"column":3}},"line":132},"13":{"name":"(anonymous_13)","decl":{"start":{"line":133,"column":39},"end":{"line":133,"column":40}},"loc":{"start":{"line":133,"column":51},"end":{"line":133,"column":62}},"line":133},"14":{"name":"isFull","decl":{"start":{"line":138,"column":11},"end":{"line":138,"column":17}},"loc":{"start":{"line":138,"column":20},"end":{"line":140,"column":3}},"line":138},"15":{"name":"(anonymous_15)","decl":{"start":{"line":142,"column":24},"end":{"line":142,"column":25}},"loc":{"start":{"line":142,"column":36},"end":{"line":160,"column":3}},"line":142},"16":{"name":"addEndtime","decl":{"start":{"line":164,"column":11},"end":{"line":164,"column":21}},"loc":{"start":{"line":164,"column":39},"end":{"line":179,"column":3}},"line":164},"17":{"name":"(anonymous_17)","decl":{"start":{"line":166,"column":12},"end":{"line":166,"column":13}},"loc":{"start":{"line":166,"column":30},"end":{"line":170,"column":5}},"line":166},"18":{"name":"(anonymous_18)","decl":{"start":{"line":174,"column":11},"end":{"line":174,"column":12}},"loc":{"start":{"line":174,"column":21},"end":{"line":178,"column":5}},"line":174},"19":{"name":"(anonymous_19)","decl":{"start":{"line":194,"column":17},"end":{"line":194,"column":18}},"loc":{"start":{"line":194,"column":23},"end":{"line":196,"column":9}},"line":194},"20":{"name":"(anonymous_20)","decl":{"start":{"line":204,"column":20},"end":{"line":204,"column":21}},"loc":{"start":{"line":204,"column":39},"end":{"line":227,"column":9}},"line":204},"21":{"name":"(anonymous_21)","decl":{"start":{"line":208,"column":23},"end":{"line":208,"column":24}},"loc":{"start":{"line":208,"column":29},"end":{"line":215,"column":15}},"line":208},"22":{"name":"(anonymous_22)","decl":{"start":{"line":235,"column":27},"end":{"line":235,"column":28}},"loc":{"start":{"line":235,"column":33},"end":{"line":237,"column":19}},"line":235},"23":{"name":"(anonymous_23)","decl":{"start":{"line":274,"column":27},"end":{"line":274,"column":28}},"loc":{"start":{"line":274,"column":33},"end":{"line":276,"column":19}},"line":274},"24":{"name":"(anonymous_24)","decl":{"start":{"line":285,"column":25},"end":{"line":285,"column":26}},"loc":{"start":{"line":285,"column":31},"end":{"line":288,"column":17}},"line":285},"25":{"name":"(anonymous_25)","decl":{"start":{"line":310,"column":30},"end":{"line":310,"column":31}},"loc":{"start":{"line":310,"column":45},"end":{"line":312,"column":17}},"line":310},"26":{"name":"(anonymous_26)","decl":{"start":{"line":319,"column":26},"end":{"line":319,"column":27}},"loc":{"start":{"line":319,"column":32},"end":{"line":321,"column":17}},"line":319}},"branchMap":{"0":{"loc":{"start":{"line":45,"column":4},"end":{"line":52,"column":5}},"type":"if","locations":[{"start":{"line":45,"column":4},"end":{"line":52,"column":5}},{"start":{},"end":{}}],"line":45},"1":{"loc":{"start":{"line":77,"column":6},"end":{"line":85,"column":7}},"type":"if","locations":[{"start":{"line":77,"column":6},"end":{"line":85,"column":7}},{"start":{},"end":{}}],"line":77},"2":{"loc":{"start":{"line":79,"column":8},"end":{"line":83,"column":9}},"type":"if","locations":[{"start":{"line":79,"column":8},"end":{"line":83,"column":9}},{"start":{"line":81,"column":15},"end":{"line":83,"column":9}}],"line":79},"3":{"loc":{"start":{"line":98,"column":4},"end":{"line":100,"column":5}},"type":"if","locations":[{"start":{"line":98,"column":4},"end":{"line":100,"column":5}},{"start":{},"end":{}}],"line":98},"4":{"loc":{"start":{"line":102,"column":4},"end":{"line":109,"column":5}},"type":"if","locations":[{"start":{"line":102,"column":4},"end":{"line":109,"column":5}},{"start":{},"end":{}}],"line":102},"5":{"loc":{"start":{"line":119,"column":4},"end":{"line":121,"column":5}},"type":"if","locations":[{"start":{"line":119,"column":4},"end":{"line":121,"column":5}},{"start":{},"end":{}}],"line":119},"6":{"loc":{"start":{"line":123,"column":6},"end":{"line":125,"column":7}},"type":"if","locations":[{"start":{"line":123,"column":6},"end":{"line":125,"column":7}},{"start":{},"end":{}}],"line":123},"7":{"loc":{"start":{"line":167,"column":6},"end":{"line":169,"column":7}},"type":"if","locations":[{"start":{"line":167,"column":6},"end":{"line":169,"column":7}},{"start":{},"end":{}}],"line":167},"8":{"loc":{"start":{"line":175,"column":6},"end":{"line":177,"column":7}},"type":"if","locations":[{"start":{"line":175,"column":6},"end":{"line":177,"column":7}},{"start":{},"end":{}}],"line":175},"9":{"loc":{"start":{"line":218,"column":34},"end":{"line":218,"column":63}},"type":"cond-expr","locations":[{"start":{"line":218,"column":46},"end":{"line":218,"column":51}},{"start":{"line":218,"column":54},"end":{"line":218,"column":63}}],"line":218},"10":{"loc":{"start":{"line":220,"column":15},"end":{"line":224,"column":15}},"type":"cond-expr","locations":[{"start":{"line":221,"column":16},"end":{"line":221,"column":61}},{"start":{"line":223,"column":16},"end":{"line":223,"column":62}}],"line":220},"11":{"loc":{"start":{"line":232,"column":15},"end":{"line":240,"column":14}},"type":"cond-expr","locations":[{"start":{"line":232,"column":25},"end":{"line":232,"column":29}},{"start":{"line":233,"column":16},"end":{"line":239,"column":35}}],"line":232},"12":{"loc":{"start":{"line":257,"column":15},"end":{"line":268,"column":15}},"type":"cond-expr","locations":[{"start":{"line":258,"column":16},"end":{"line":263,"column":18}},{"start":{"line":264,"column":18},"end":{"line":268,"column":15}}],"line":257},"13":{"loc":{"start":{"line":264,"column":18},"end":{"line":268,"column":15}},"type":"cond-expr","locations":[{"start":{"line":265,"column":16},"end":{"line":265,"column":73}},{"start":{"line":267,"column":16},"end":{"line":267,"column":67}}],"line":264},"14":{"loc":{"start":{"line":271,"column":15},"end":{"line":280,"column":15}},"type":"cond-expr","locations":[{"start":{"line":271,"column":25},"end":{"line":271,"column":29}},{"start":{"line":272,"column":16},"end":{"line":279,"column":35}}],"line":271},"15":{"loc":{"start":{"line":289,"column":53},"end":{"line":289,"column":70}},"type":"cond-expr","locations":[{"start":{"line":289,"column":63},"end":{"line":289,"column":64}},{"start":{"line":289,"column":67},"end":{"line":289,"column":70}}],"line":289}},"s":{"0":48,"1":48,"2":48,"3":48,"4":48,"5":48,"6":48,"7":48,"8":48,"9":48,"10":48,"11":48,"12":19,"13":48,"14":1,"15":0,"16":0,"17":1,"18":48,"19":1,"20":19,"21":19,"22":19,"23":76,"24":19,"25":19,"26":19,"27":2,"28":2,"29":8,"30":8,"31":8,"32":8,"33":0,"34":8,"35":2,"36":1,"37":1,"38":1,"39":1,"40":0,"41":1,"42":1,"43":1,"44":1,"45":1,"46":1,"47":1,"48":1,"49":1,"50":4,"51":1,"52":1,"53":4,"54":4,"55":1,"56":1,"57":1,"58":1,"59":4,"60":1,"61":1,"62":1,"63":48,"64":1,"65":1,"66":1,"67":1,"68":0,"69":0,"70":1,"71":1,"72":2,"73":2,"74":8,"75":8,"76":2,"77":2,"78":2,"79":8,"80":8,"81":48,"82":3,"83":116,"84":2,"85":2,"86":2,"87":1,"88":1,"89":1,"90":1,"91":1,"92":1,"93":1},"f":{"0":48,"1":19,"2":1,"3":1,"4":19,"5":2,"6":8,"7":1,"8":1,"9":1,"10":4,"11":4,"12":1,"13":4,"14":1,"15":1,"16":2,"17":8,"18":8,"19":3,"20":116,"21":2,"22":1,"23":1,"24":1,"25":1,"26":1},"b":{"0":[0,1],"1":[8,0],"2":[8,0],"3":[0,1],"4":[1,0],"5":[1,0],"6":[4,0],"7":[8,0],"8":[8,0],"9":[1,115],"10":[1,115],"11":[0,48],"12":[1,47],"13":[0,47],"14":[0,48],"15":[0,48]},"_coverageSchema":"1a1c01bbd47fc00a2c39e90264f33305004495a9","hash":"225b42f033cb1dadb57e46f805a7ca22c0849de9"}
,"/Users/machd/Desktop/Practice/Demo/Class/Screens/Main.tsx": {"path":"/Users/machd/Desktop/Practice/Demo/Class/Screens/Main.tsx","statementMap":{"0":{"start":{"line":19,"column":8},"end":{"line":19,"column":21}},"1":{"start":{"line":20,"column":7},"end":{"line":22,"column":8}},"2":{"start":{"line":26,"column":4},"end":{"line":57,"column":5}},"3":{"start":{"line":32,"column":12},"end":{"line":32,"column":38}},"4":{"start":{"line":45,"column":12},"end":{"line":50,"column":13}},"5":{"start":{"line":46,"column":14},"end":{"line":49,"column":17}},"6":{"start":{"line":61,"column":15},"end":{"line":99,"column":2}}},"fnMap":{"0":{"name":"(anonymous_0)","decl":{"start":{"line":18,"column":4},"end":{"line":18,"column":5}},"loc":{"start":{"line":18,"column":30},"end":{"line":23,"column":7}},"line":18},"1":{"name":"(anonymous_1)","decl":{"start":{"line":25,"column":2},"end":{"line":25,"column":3}},"loc":{"start":{"line":25,"column":11},"end":{"line":58,"column":3}},"line":25},"2":{"name":"(anonymous_2)","decl":{"start":{"line":31,"column":24},"end":{"line":31,"column":25}},"loc":{"start":{"line":31,"column":39},"end":{"line":33,"column":11}},"line":31},"3":{"name":"(anonymous_3)","decl":{"start":{"line":44,"column":19},"end":{"line":44,"column":20}},"loc":{"start":{"line":44,"column":25},"end":{"line":52,"column":11}},"line":44}},"branchMap":{"0":{"loc":{"start":{"line":45,"column":12},"end":{"line":50,"column":13}},"type":"if","locations":[{"start":{"line":45,"column":12},"end":{"line":50,"column":13}},{"start":{},"end":{}}],"line":45}},"s":{"0":5,"1":5,"2":6,"3":1,"4":1,"5":0,"6":1},"f":{"0":5,"1":6,"2":1,"3":1},"b":{"0":[0,1]},"_coverageSchema":"1a1c01bbd47fc00a2c39e90264f33305004495a9","hash":"c14fe5ba6d607953a2e5178d234049496b1aee28"}
}
