TN:
SF:Park.tsx
FN:27,Park
FN:40,(anonymous_1)
FN:44,(anonymous_2)
FN:56,(anonymous_3)
FN:63,createSlots
FN:73,calculateCharges
FN:76,(anonymous_6)
FN:92,park
FN:98,(anonymous_8)
FN:115,remove
FN:119,(anonymous_10)
FN:122,(anonymous_11)
FN:132,getAvailable
FN:133,(anonymous_13)
FN:138,isFull
FN:142,(anonymous_15)
FN:164,addEndtime
FN:166,(anonymous_17)
FN:174,(anonymous_18)
FN:194,(anonymous_19)
FN:204,(anonymous_20)
FN:208,(anonymous_21)
FN:235,(anonymous_22)
FN:274,(anonymous_23)
FN:285,(anonymous_24)
FN:310,(anonymous_25)
FN:319,(anonymous_26)
FNF:27
FNH:27
FNDA:48,Park
FNDA:19,(anonymous_1)
FNDA:1,(anonymous_2)
FNDA:1,(anonymous_3)
FNDA:19,createSlots
FNDA:2,calculateCharges
FNDA:8,(anonymous_6)
FNDA:1,park
FNDA:1,(anonymous_8)
FNDA:1,remove
FNDA:4,(anonymous_10)
FNDA:4,(anonymous_11)
FNDA:1,getAvailable
FNDA:4,(anonymous_13)
FNDA:1,isFull
FNDA:1,(anonymous_15)
FNDA:2,addEndtime
FNDA:8,(anonymous_17)
FNDA:8,(anonymous_18)
FNDA:3,(anonymous_19)
FNDA:116,(anonymous_20)
FNDA:2,(anonymous_21)
FNDA:1,(anonymous_22)
FNDA:1,(anonymous_23)
FNDA:1,(anonymous_24)
FNDA:1,(anonymous_25)
FNDA:1,(anonymous_26)
DA:28,48
DA:29,48
DA:30,48
DA:31,48
DA:32,48
DA:33,48
DA:34,48
DA:35,48
DA:36,48
DA:37,48
DA:38,48
DA:40,48
DA:41,19
DA:44,48
DA:45,1
DA:46,0
DA:51,0
DA:53,1
DA:56,48
DA:60,1
DA:64,19
DA:65,19
DA:66,76
DA:68,19
DA:69,19
DA:70,19
DA:74,2
DA:76,2
DA:77,8
DA:78,8
DA:79,8
DA:80,8
DA:82,0
DA:84,8
DA:87,2
DA:94,1
DA:96,1
DA:98,1
DA:99,0
DA:101,1
DA:102,1
DA:103,1
DA:110,1
DA:111,1
DA:112,1
DA:116,1
DA:117,1
DA:119,4
DA:120,1
DA:122,1
DA:123,4
DA:124,4
DA:127,1
DA:128,1
DA:129,1
DA:133,4
DA:134,1
DA:135,1
DA:139,1
DA:142,48
DA:143,1
DA:144,1
DA:145,1
DA:146,1
DA:154,0
DA:155,0
DA:157,1
DA:158,1
DA:165,2
DA:166,2
DA:167,8
DA:168,8
DA:172,2
DA:173,2
DA:174,2
DA:175,8
DA:176,8
DA:181,48
DA:195,3
DA:205,116
DA:210,2
DA:211,2
DA:213,2
DA:236,1
DA:275,1
DA:286,1
DA:287,1
DA:311,1
DA:320,1
DA:334,1
LF:90
LH:84
BRDA:45,0,0,0
BRDA:45,0,1,1
BRDA:77,1,0,8
BRDA:77,1,1,0
BRDA:79,2,0,8
BRDA:79,2,1,0
BRDA:98,3,0,0
BRDA:98,3,1,1
BRDA:102,4,0,1
BRDA:102,4,1,0
BRDA:119,5,0,1
BRDA:119,5,1,0
BRDA:123,6,0,4
BRDA:123,6,1,0
BRDA:167,7,0,8
BRDA:167,7,1,0
BRDA:175,8,0,8
BRDA:175,8,1,0
BRDA:218,9,0,1
BRDA:218,9,1,115
BRDA:220,10,0,1
BRDA:220,10,1,115
BRDA:232,11,0,0
BRDA:232,11,1,48
BRDA:257,12,0,1
BRDA:257,12,1,47
BRDA:264,13,0,0
BRDA:264,13,1,47
BRDA:271,14,0,0
BRDA:271,14,1,48
BRDA:289,15,0,0
BRDA:289,15,1,48
BRF:32
BRH:19
end_of_record
TN:
SF:Class/Screens/Main.tsx
FN:18,(anonymous_0)
FN:25,(anonymous_1)
FN:31,(anonymous_2)
FN:44,(anonymous_3)
FNF:4
FNH:4
FNDA:5,(anonymous_0)
FNDA:6,(anonymous_1)
FNDA:1,(anonymous_2)
FNDA:1,(anonymous_3)
DA:19,5
DA:20,5
DA:26,6
DA:32,1
DA:45,1
DA:46,0
DA:61,1
LF:7
LH:6
BRDA:45,0,0,0
BRDA:45,0,1,1
BRF:2
BRH:1
end_of_record
